Circuit 2 cell sky130_fd_pr__pfet_01v8 is a black box; will not flatten Circuit 1
Warning: Equate pins:  cell sky130_fd_pr__pfet_01v8 is a placeholder, treated as a black box.

Subcircuit pins:
Circuit 1: sky130_fd_pr__pfet_01v8         |Circuit 2: sky130_fd_pr__pfet_01v8         
-------------------------------------------|-------------------------------------------
(no matching pin)                          |1                                          
(no matching pin)                          |2                                          
(no matching pin)                          |3                                          
(no matching pin)                          |4                                          
d                                          |(no matching pin)                          
g                                          |(no matching pin)                          
s                                          |(no matching pin)                          
b                                          |(no matching pin)                          
---------------------------------------------------------------------------------------
Cell pin lists are equivalent.
Device classes sky130_fd_pr__pfet_01v8 and sky130_fd_pr__pfet_01v8 are equivalent.
Circuit 2 cell sky130_fd_pr__nfet_01v8 is a black box; will not flatten Circuit 1
Warning: Equate pins:  cell sky130_fd_pr__nfet_01v8 is a placeholder, treated as a black box.

Subcircuit pins:
Circuit 1: sky130_fd_pr__nfet_01v8         |Circuit 2: sky130_fd_pr__nfet_01v8         
-------------------------------------------|-------------------------------------------
(no matching pin)                          |1                                          
(no matching pin)                          |2                                          
(no matching pin)                          |3                                          
(no matching pin)                          |4                                          
d                                          |(no matching pin)                          
g                                          |(no matching pin)                          
s                                          |(no matching pin)                          
b                                          |(no matching pin)                          
---------------------------------------------------------------------------------------
Cell pin lists are equivalent.
Device classes sky130_fd_pr__nfet_01v8 and sky130_fd_pr__nfet_01v8 are equivalent.
Flattening unmatched subcell sky130_fd_pr__pfet_01v8_XHX9Y6 in circuit sw (1)(2 instances)
Flattening unmatched subcell sky130_fd_pr__pfet_01v8_XPYSY6 in circuit sw (1)(2 instances)
Flattening unmatched subcell sky130_fd_pr__nfet_01v8_ZFH27D in circuit sw (1)(2 instances)
Flattening unmatched subcell sky130_fd_pr__nfet_01v8_HEL24J in circuit sw (1)(2 instances)

Subcircuit summary:
Circuit 1: sw                              |Circuit 2: sw                              
-------------------------------------------|-------------------------------------------
sky130_fd_pr__pfet_01v8 (4)                |sky130_fd_pr__pfet_01v8 (4)                
sky130_fd_pr__nfet_01v8 (4)                |sky130_fd_pr__nfet_01v8 (4)                
Number of devices: 8                       |Number of devices: 8                       
Number of nets: 40 **Mismatch**            |Number of nets: 42 **Mismatch**            
---------------------------------------------------------------------------------------
NET mismatches: Class fragments follow (with fanout counts):
Circuit 1: sw                              |Circuit 2: sw                              

---------------------------------------------------------------------------------------
Net: net1                                  |Net: m1_800_578#                           
  sky130_fd_pr__pfet_01v8/d = 1            |  sky130_fd_pr__pfet_01v8/2 = 2            
  sky130_fd_pr__pfet_01v8/g = 2            |  sky130_fd_pr__nfet_01v8/(1|3) = 1        
  sky130_fd_pr__nfet_01v8/d = 1            |  sky130_fd_pr__nfet_01v8/2 = 2            
  sky130_fd_pr__nfet_01v8/g = 2            |  sky130_fd_pr__pfet_01v8/(1|3) = 1        
                                           |                                           
Net: vdd                                   |Net: vdd                                   
  sky130_fd_pr__pfet_01v8/s = 2            |  sky130_fd_pr__pfet_01v8/(1|3) = 2        
  sky130_fd_pr__pfet_01v8/b = 4            |                                           
                                           |                                           
Net: vss                                   |Net: vss                                   
  sky130_fd_pr__nfet_01v8/s = 2            |  sky130_fd_pr__nfet_01v8/(1|3) = 2        
  sky130_fd_pr__nfet_01v8/b = 4            |                                           
                                           |                                           
Net: din                                   |Net: din                                   
  sky130_fd_pr__pfet_01v8/g = 1            |  sky130_fd_pr__nfet_01v8/2 = 1            
  sky130_fd_pr__nfet_01v8/g = 1            |  sky130_fd_pr__pfet_01v8/2 = 1            
                                           |                                           
Net: vin1                                  |Net: XM4/w_n246_n319#                      
  sky130_fd_pr__pfet_01v8/s = 1            |  sky130_fd_pr__pfet_01v8/4 = 4            
  sky130_fd_pr__nfet_01v8/d = 1            |                                           
                                           |                                           
Net: vin2                                  |Net: m1_488_106#                           
  sky130_fd_pr__pfet_01v8/d = 1            |  sky130_fd_pr__pfet_01v8/(1|3) = 1        
  sky130_fd_pr__nfet_01v8/s = 1            |  sky130_fd_pr__pfet_01v8/2 = 1            
                                           |  sky130_fd_pr__nfet_01v8/(1|3) = 1        
                                           |  sky130_fd_pr__nfet_01v8/2 = 1            
                                           |                                           
Net: vout                                  |Net: vout                                  
  sky130_fd_pr__pfet_01v8/d = 1            |  sky130_fd_pr__pfet_01v8/(1|3) = 2        
  sky130_fd_pr__pfet_01v8/s = 1            |  sky130_fd_pr__nfet_01v8/(1|3) = 2        
  sky130_fd_pr__nfet_01v8/d = 1            |                                           
  sky130_fd_pr__nfet_01v8/s = 1            |                                           
                                           |                                           
Net: net2                                  |Net: VSUBS                                 
  sky130_fd_pr__pfet_01v8/d = 1            |  sky130_fd_pr__nfet_01v8/4 = 4            
  sky130_fd_pr__pfet_01v8/g = 1            |                                           
  sky130_fd_pr__nfet_01v8/d = 1            |                                           
  sky130_fd_pr__nfet_01v8/g = 1            |                                           
---------------------------------------------------------------------------------------

---------------------------------------------------------------------------------------
Net: dummy_40                              |(no matching net)                          
  sky130_fd_pr__nfet_01v8/proxy4 = 1       |                                           
                                           |                                           
Net: dummy_36                              |(no matching net)                          
  sky130_fd_pr__nfet_01v8/proxy4 = 1       |                                           
                                           |                                           
Net: dummy_32                              |(no matching net)                          
  sky130_fd_pr__nfet_01v8/proxy4 = 1       |                                           
                                           |                                           
Net: dummy_28                              |(no matching net)                          
  sky130_fd_pr__nfet_01v8/proxy4 = 1       |                                           
                                           |                                           
Net: dummy_39                              |(no matching net)                          
  sky130_fd_pr__nfet_01v8/proxy3 = 1       |                                           
                                           |                                           
Net: dummy_35                              |(no matching net)                          
  sky130_fd_pr__nfet_01v8/proxy3 = 1       |                                           
                                           |                                           
Net: dummy_31                              |(no matching net)                          
  sky130_fd_pr__nfet_01v8/proxy3 = 1       |                                           
                                           |                                           
Net: dummy_27                              |(no matching net)                          
  sky130_fd_pr__nfet_01v8/proxy3 = 1       |                                           
                                           |                                           
Net: dummy_38                              |(no matching net)                          
  sky130_fd_pr__nfet_01v8/proxy2 = 1       |                                           
                                           |                                           
Net: dummy_34                              |(no matching net)                          
  sky130_fd_pr__nfet_01v8/proxy2 = 1       |                                           
                                           |                                           
Net: dummy_30                              |(no matching net)                          
  sky130_fd_pr__nfet_01v8/proxy2 = 1       |                                           
                                           |                                           
Net: dummy_26                              |(no matching net)                          
  sky130_fd_pr__nfet_01v8/proxy2 = 1       |                                           
                                           |                                           
Net: dummy_37                              |(no matching net)                          
  sky130_fd_pr__nfet_01v8/proxy1 = 1       |                                           
                                           |                                           
Net: dummy_33                              |(no matching net)                          
  sky130_fd_pr__nfet_01v8/proxy1 = 1       |                                           
                                           |                                           
Net: dummy_29                              |(no matching net)                          
  sky130_fd_pr__nfet_01v8/proxy1 = 1       |                                           
                                           |                                           
Net: dummy_25                              |(no matching net)                          
  sky130_fd_pr__nfet_01v8/proxy1 = 1       |                                           
                                           |                                           
Net: dummy_24                              |(no matching net)                          
  sky130_fd_pr__pfet_01v8/proxy4 = 1       |                                           
                                           |                                           
Net: dummy_20                              |(no matching net)                          
  sky130_fd_pr__pfet_01v8/proxy4 = 1       |                                           
                                           |                                           
Net: dummy_16                              |(no matching net)                          
  sky130_fd_pr__pfet_01v8/proxy4 = 1       |                                           
                                           |                                           
Net: dummy_12                              |(no matching net)                          
  sky130_fd_pr__pfet_01v8/proxy4 = 1       |                                           
                                           |                                           
Net: dummy_23                              |(no matching net)                          
  sky130_fd_pr__pfet_01v8/proxy3 = 1       |                                           
                                           |                                           
Net: dummy_19                              |(no matching net)                          
  sky130_fd_pr__pfet_01v8/proxy3 = 1       |                                           
                                           |                                           
Net: dummy_15                              |(no matching net)                          
  sky130_fd_pr__pfet_01v8/proxy3 = 1       |                                           
                                           |                                           
Net: dummy_11                              |(no matching net)                          
  sky130_fd_pr__pfet_01v8/proxy3 = 1       |                                           
                                           |                                           
Net: dummy_22                              |(no matching net)                          
  sky130_fd_pr__pfet_01v8/proxy2 = 1       |                                           
                                           |                                           
Net: dummy_18                              |(no matching net)                          
  sky130_fd_pr__pfet_01v8/proxy2 = 1       |                                           
                                           |                                           
Net: dummy_14                              |(no matching net)                          
  sky130_fd_pr__pfet_01v8/proxy2 = 1       |                                           
                                           |                                           
Net: dummy_10                              |(no matching net)                          
  sky130_fd_pr__pfet_01v8/proxy2 = 1       |                                           
                                           |                                           
Net: dummy_21                              |(no matching net)                          
  sky130_fd_pr__pfet_01v8/proxy1 = 1       |                                           
                                           |                                           
Net: dummy_17                              |(no matching net)                          
  sky130_fd_pr__pfet_01v8/proxy1 = 1       |                                           
                                           |                                           
Net: dummy_13                              |(no matching net)                          
  sky130_fd_pr__pfet_01v8/proxy1 = 1       |                                           
                                           |                                           
Net: dummy_9                               |(no matching net)                          
  sky130_fd_pr__pfet_01v8/proxy1 = 1       |                                           
---------------------------------------------------------------------------------------
DEVICE mismatches: Class fragments follow (with node fanout counts):
Circuit 1: sw                              |Circuit 2: sw                              

---------------------------------------------------------------------------------------
Instance: sky130_fd_pr__nfet_01v8:M8       |(no matching instance)                     
  d = 2                                    |                                           
  g = 4                                    |                                           
  s = 4                                    |                                           
  b = 6                                    |                                           
  proxy1 = 1                               |                                           
  proxy2 = 1                               |                                           
  proxy3 = 1                               |                                           
  proxy4 = 1                               |                                           
                                           |                                           
Instance: sky130_fd_pr__nfet_01v8:M7       |(no matching instance)                     
  d = 4                                    |                                           
  g = 6                                    |                                           
  s = 2                                    |                                           
  b = 6                                    |                                           
  proxy1 = 1                               |                                           
  proxy2 = 1                               |                                           
  proxy3 = 1                               |                                           
  proxy4 = 1                               |                                           
                                           |                                           
Instance: sky130_fd_pr__nfet_01v8:M6       |(no matching instance)                     
  d = 4                                    |                                           
  g = 6                                    |                                           
  s = 6                                    |                                           
  b = 6                                    |                                           
  proxy1 = 1                               |                                           
  proxy2 = 1                               |                                           
  proxy3 = 1                               |                                           
  proxy4 = 1                               |                                           
                                           |                                           
Instance: sky130_fd_pr__nfet_01v8:M5       |(no matching instance)                     
  d = 6                                    |                                           
  g = 2                                    |                                           
  s = 6                                    |                                           
  b = 6                                    |                                           
  proxy1 = 1                               |                                           
  proxy2 = 1                               |                                           
  proxy3 = 1                               |                                           
  proxy4 = 1                               |                                           
---------------------------------------------------------------------------------------

---------------------------------------------------------------------------------------
Instance: sky130_fd_pr__pfet_01v8:M4       |(no matching instance)                     
  d = 2                                    |                                           
  g = 4                                    |                                           
  s = 4                                    |                                           
  b = 6                                    |                                           
  proxy1 = 1                               |                                           
  proxy2 = 1                               |                                           
  proxy3 = 1                               |                                           
  proxy4 = 1                               |                                           
                                           |                                           
Instance: sky130_fd_pr__pfet_01v8:M3       |(no matching instance)                     
  d = 4                                    |                                           
  g = 6                                    |                                           
  s = 2                                    |                                           
  b = 6                                    |                                           
  proxy1 = 1                               |                                           
  proxy2 = 1                               |                                           
  proxy3 = 1                               |                                           
  proxy4 = 1                               |                                           
                                           |                                           
Instance: sky130_fd_pr__pfet_01v8:M2       |(no matching instance)                     
  d = 4                                    |                                           
  g = 6                                    |                                           
  s = 6                                    |                                           
  b = 6                                    |                                           
  proxy1 = 1                               |                                           
  proxy2 = 1                               |                                           
  proxy3 = 1                               |                                           
  proxy4 = 1                               |                                           
                                           |                                           
Instance: sky130_fd_pr__pfet_01v8:M1       |(no matching instance)                     
  d = 6                                    |                                           
  g = 2                                    |                                           
  s = 6                                    |                                           
  b = 6                                    |                                           
  proxy1 = 1                               |                                           
  proxy2 = 1                               |                                           
  proxy3 = 1                               |                                           
  proxy4 = 1                               |                                           
---------------------------------------------------------------------------------------
Netlists do not match.
Netlists do not match.
